0x10054: addi $sp, $sp, ffffffe0 (0xfe010113)
	$zero = 0
	$ra = 0
	$sp = 1867f
	$s0 = 0

0x10058: addi $zero, $s2, 5 (0x500913)
	$zero = 0
	$ra = 0
	$sp = 1867f
	$s0 = 0
	$s2 = 5

0x1005c: addi $s2, $s1, 2 (0x290493)
	$zero = 0
	$ra = 0
	$sp = 1867f
	$s0 = 0
	$s1 = 7
	$s2 = 5

0x10060: slti $s2, $s1, ffffffff (0xfff92493)
	$zero = 0
	$ra = 0
	$sp = 1867f
	$s0 = 0
	$s1 = 0
	$s2 = 5

0x10064: sltiu $s2, $s1, ffffffff (0xfff93493)
	$zero = 0
	$ra = 0
	$sp = 1867f
	$s0 = 0
	$s1 = 1
	$s2 = 5

0x10068: lui $s2, f0010000 (0xf0010937)
	$zero = 0
	$ra = 0
	$sp = 1867f
	$s0 = 0
	$s1 = 1
	$s2 = f0010000

0x1006c: addi $s2, $s2, ffffffff (0xfff90913)
	$zero = 0
	$ra = 0
	$sp = 1867f
	$s0 = 0
	$s1 = 1
	$s2 = f000ffff

0x10070: xori $s2, $s1, fffffaaa (0xaaa94493)
	$zero = 0
	$ra = 0
	$sp = 1867f
	$s0 = 0
	$s1 = fff0555
	$s2 = f000ffff

0x10074: ori $s2, $s1, fffffaaa (0xaaa96493)
	$zero = 0
	$ra = 0
	$sp = 1867f
	$s0 = 0
	$s1 = ffffffff
	$s2 = f000ffff

0x10078: andi $s2, $s1, fffffaaa (0xaaa97493)
	$zero = 0
	$ra = 0
	$sp = 1867f
	$s0 = 0
	$s1 = f000faaa
	$s2 = f000ffff

0x1007c: slli $s2, $s1, 4 (0x491493)
	$zero = 0
	$ra = 0
	$sp = 1867f
	$s0 = 0
	$s1 = ffff0
	$s2 = f000ffff

0x10080: srai $s2, $s1, 404 (0x40495493)
	$zero = 0
	$ra = 0
	$sp = 1867f
	$s0 = 0
	$s1 = ff000fff
	$s2 = f000ffff

0x10084: srli $s2, $s1, 4 (0x495493)
	$zero = 0
	$ra = 0
	$sp = 1867f
	$s0 = 0
	$s1 = f000fff
	$s2 = f000ffff

0x10088: lui $s2, f0ff0000 (0xf0ff0937)
	$zero = 0
	$ra = 0
	$sp = 1867f
	$s0 = 0
	$s1 = f000fff
	$s2 = f0ff0000

0x1008c: addi $zero, $s3, 6 (0x600993)
	$zero = 0
	$ra = 0
	$sp = 1867f
	$s0 = 0
	$s1 = f000fff
	$s2 = f0ff0000
	$s3 = 6

0x10090: add $s2, $s3, $s1 (0x13904b3)
	$zero = 0
	$ra = 0
	$sp = 1867f
	$s0 = 0
	$s1 = f0ff0006
	$s2 = f0ff0000
	$s3 = 6

0x10094: sub $s2, $s3, $s1 (0x413904b3)
	$zero = 0
	$ra = 0
	$sp = 1867f
	$s0 = 0
	$s1 = f0fefffa
	$s2 = f0ff0000
	$s3 = 6

0x10098: sll $s2, $s3, $s1 (0x13914b3)
	$zero = 0
	$ra = 0
	$sp = 1867f
	$s0 = 0
	$s1 = 3fc00000
	$s2 = f0ff0000
	$s3 = 6

0x1009c: sra $s2, $s3, $s1 (0x413954b3)
	$zero = 0
	$ra = 0
	$sp = 1867f
	$s0 = 0
	$s1 = ffc3fc00
	$s2 = f0ff0000
	$s3 = 6

0x100a0: srl $s2, $s3, $s1 (0x13954b3)
	$zero = 0
	$ra = 0
	$sp = 1867f
	$s0 = 0
	$s1 = 3c3fc00
	$s2 = f0ff0000
	$s3 = 6

0x100a4: slt $s2, $s3, $s1 (0x13924b3)
	$zero = 0
	$ra = 0
	$sp = 1867f
	$s0 = 0
	$s1 = 1
	$s2 = f0ff0000
	$s3 = 6

0x100a8: sltu $s2, $s3, $s1 (0x13934b3)
	$zero = 0
	$ra = 0
	$sp = 1867f
	$s0 = 0
	$s1 = 0
	$s2 = f0ff0000
	$s3 = 6

0x100ac: lui $s2, 1000000 (0x1000937)
	$zero = 0
	$ra = 0
	$sp = 1867f
	$s0 = 0
	$s1 = 0
	$s2 = 1000000
	$s3 = 6

0x100b0: addi $s2, $s2, ffffff00 (0xf0090913)
	$zero = 0
	$ra = 0
	$sp = 1867f
	$s0 = 0
	$s1 = 0
	$s2 = ffff00
	$s3 = 6

0x100b4: lui $s3, f0f0f000 (0xf0f0f9b7)
	$zero = 0
	$ra = 0
	$sp = 1867f
	$s0 = 0
	$s1 = 0
	$s2 = ffff00
	$s3 = f0f0f000

0x100b8: addi $s3, $s3, f0 (0xf098993)
	$zero = 0
	$ra = 0
	$sp = 1867f
	$s0 = 0
	$s1 = 0
	$s2 = ffff00
	$s3 = f0f0f0f0

0x100bc: and $s2, $s3, $s1 (0x13974b3)
	$zero = 0
	$ra = 0
	$sp = 1867f
	$s0 = 0
	$s1 = f0f000
	$s2 = ffff00
	$s3 = f0f0f0f0

0x100c0: or $s2, $s3, $s1 (0x13964b3)
	$zero = 0
	$ra = 0
	$sp = 1867f
	$s0 = 0
	$s1 = f0fffff0
	$s2 = ffff00
	$s3 = f0f0f0f0

0x100c4: xor $s2, $s3, $s1 (0x13944b3)
	$zero = 0
	$ra = 0
	$sp = 1867f
	$s0 = 0
	$s1 = f00f0ff0
	$s2 = ffff00
	$s3 = f0f0f0f0

