addi $sp, $sp, -48 pc10078
$zero = 0
$ra = 0
$sp = ffffffd0
$gp = 0
$tp = 0
$t0 = 0
$t1 = 0
$t2 = 0
$s0 = 0
$s1 = 0
$a0 = 0
$a1 = 0
$a2 = 0
$a3 = 0
$a4 = 0
$a5 = 0
$a6 = 0
$a7 = 0
$s2 = 0
$s3 = 0
$s4 = 0
$s5 = 0
$s6 = 0
$s7 = 0
$s8 = 0
$s9 = 0
$s10 = 0
$s11 = 0
$t3 = 0
$t4 = 0
$t5 = 0
$t6 = 0
sw $sp, $s0, 44 pc1007c
$zero = deadbeef
$ra = 0
$sp = ffffffd0
$gp = 0
$tp = 0
$t0 = 0
$t1 = 0
$t2 = 0
$s0 = 0
$s1 = 0
$a0 = 0
$a1 = 0
$a2 = 0
$a3 = 0
$a4 = 0
$a5 = 0
$a6 = 0
$a7 = 0
$s2 = 0
$s3 = 0
$s4 = 0
$s5 = 0
$s6 = 0
$s7 = 0
$s8 = 0
$s9 = 0
$s10 = 0
$s11 = 0
$t3 = 0
$t4 = 0
$t5 = 0
$t6 = 0
addi $sp, $s0, 48 pc10080
$zero = deadbeef
$ra = 0
$sp = ffffffd0
$gp = 0
$tp = 0
$t0 = 0
$t1 = 0
$t2 = 0
$s0 = 0
$s1 = 0
$a0 = 0
$a1 = 0
$a2 = 0
$a3 = 0
$a4 = 0
$a5 = 0
$a6 = 0
$a7 = 0
$s2 = 0
$s3 = 0
$s4 = 0
$s5 = 0
$s6 = 0
$s7 = 0
$s8 = 0
$s9 = 0
$s10 = 0
$s11 = 0
$t3 = 0
$t4 = 0
$t5 = 0
$t6 = 0
sw $s0, $a0, -36 pc10084
$zero = deadbeef
$ra = 0
$sp = ffffffd0
$gp = 0
$tp = 0
$t0 = 0
$t1 = 0
$t2 = 0
$s0 = 0
$s1 = 0
$a0 = 0
$a1 = 0
$a2 = 0
$a3 = 0
$a4 = 0
$a5 = 0
$a6 = 0
$a7 = 0
$s2 = 0
$s3 = 0
$s4 = 0
$s5 = 0
$s6 = 0
$s7 = 0
$s8 = 0
$s9 = 0
$s10 = 0
$s11 = 0
$t3 = 0
$t4 = 0
$t5 = 0
$t6 = 0
sw $s0, $a1, -40 pc10088
$zero = deadbeef
$ra = 0
$sp = ffffffd0
$gp = 0
$tp = 0
$t0 = 0
$t1 = 0
$t2 = 0
$s0 = 0
$s1 = 0
$a0 = 0
$a1 = 0
$a2 = 0
$a3 = 0
$a4 = 0
$a5 = 0
$a6 = 0
$a7 = 0
$s2 = 0
$s3 = 0
$s4 = 0
$s5 = 0
$s6 = 0
$s7 = 0
$s8 = 0
$s9 = 0
$s10 = 0
$s11 = 0
$t3 = 0
$t4 = 0
$t5 = 0
$t6 = 0
lw $s0, $a4, -36 pc1008c
$zero = deadbeef
$ra = 0
$sp = ffffffd0
$gp = 0
$tp = 0
$t0 = 0
$t1 = 0
$t2 = 0
$s0 = 0
$s1 = 0
$a0 = 0
$a1 = 0
$a2 = 0
$a3 = 0
$a4 = deadbeef
$a5 = 0
$a6 = 0
$a7 = 0
$s2 = 0
$s3 = 0
$s4 = 0
$s5 = 0
$s6 = 0
$s7 = 0
$s8 = 0
$s9 = 0
$s10 = 0
$s11 = 0
$t3 = 0
$t4 = 0
$t5 = 0
$t6 = 0
lw $s0, $a5, -40 pc10090
$zero = deadbeef
$ra = 0
$sp = ffffffd0
$gp = 0
$tp = 0
$t0 = 0
$t1 = 0
$t2 = 0
$s0 = 0
$s1 = 0
$a0 = 0
$a1 = 0
$a2 = 0
$a3 = 0
$a4 = deadbeef
$a5 = deadbeef
$a6 = 0
$a7 = 0
$s2 = 0
$s3 = 0
$s4 = 0
$s5 = 0
$s6 = 0
$s7 = 0
$s8 = 0
$s9 = 0
$s10 = 0
$s11 = 0
$t3 = 0
$t4 = 0
$t5 = 0
$t6 = 0
xor $a4, $a5, $a5 pc10094
$zero = deadbeef
$ra = 0
$sp = ffffffd0
$gp = 0
$tp = 0
$t0 = 0
$t1 = 0
$t2 = 0
$s0 = 0
$s1 = 0
$a0 = 0
$a1 = 0
$a2 = 0
$a3 = 0
$a4 = deadbeef
$a5 = 0
$a6 = 0
$a7 = 0
$s2 = 0
$s3 = 0
$s4 = 0
$s5 = 0
$s6 = 0
$s7 = 0
$s8 = 0
$s9 = 0
$s10 = 0
$s11 = 0
$t3 = 0
$t4 = 0
$t5 = 0
$t6 = 0
sw $s0, $a5, -20 pc10098
$zero = deadbeef
$ra = 0
$sp = ffffffd0
$gp = 0
$tp = 0
$t0 = 0
$t1 = 0
$t2 = 0
$s0 = 0
$s1 = 0
$a0 = 0
$a1 = 0
$a2 = 0
$a3 = 0
$a4 = deadbeef
$a5 = 0
$a6 = 0
$a7 = 0
$s2 = 0
$s3 = 0
$s4 = 0
$s5 = 0
$s6 = 0
$s7 = 0
$s8 = 0
$s9 = 0
$s10 = 0
$s11 = 0
$t3 = 0
$t4 = 0
$t5 = 0
$t6 = 0
lw $s0, $a5, -20 pc1009c
$zero = deadbeef
$ra = 0
$sp = ffffffd0
$gp = 0
$tp = 0
$t0 = 0
$t1 = 0
$t2 = 0
$s0 = 0
$s1 = 0
$a0 = 0
$a1 = 0
$a2 = 0
$a3 = 0
$a4 = deadbeef
$a5 = deadbeef
$a6 = 0
$a7 = 0
$s2 = 0
$s3 = 0
$s4 = 0
$s5 = 0
$s6 = 0
$s7 = 0
$s8 = 0
$s9 = 0
$s10 = 0
$s11 = 0
$t3 = 0
$t4 = 0
$t5 = 0
$t6 = 0
