addi $sp, $sp, -32 pc10078
$zero = 0
$ra = 0
$sp = ffffffe0
$gp = 0
$tp = 0
$t0 = 0
$t1 = 0
$t2 = 0
$s0 = 0
$s1 = 0
$a0 = 0
$a1 = 0
$a2 = 0
$a3 = 0
$a4 = 0
$a5 = 0
$a6 = 0
$a7 = 0
$s2 = 0
$s3 = 0
$s4 = 0
$s5 = 0
$s6 = 0
$s7 = 0
$s8 = 0
$s9 = 0
$s10 = 0
$s11 = 0
$t3 = 0
$t4 = 0
$t5 = 0
$t6 = 0
sw $sp, $ra, 28 pc1007c
$zero = deadbeef
$ra = 0
$sp = ffffffe0
$gp = 0
$tp = 0
$t0 = 0
$t1 = 0
$t2 = 0
$s0 = 0
$s1 = 0
$a0 = 0
$a1 = 0
$a2 = 0
$a3 = 0
$a4 = 0
$a5 = 0
$a6 = 0
$a7 = 0
$s2 = 0
$s3 = 0
$s4 = 0
$s5 = 0
$s6 = 0
$s7 = 0
$s8 = 0
$s9 = 0
$s10 = 0
$s11 = 0
$t3 = 0
$t4 = 0
$t5 = 0
$t6 = 0
sw $sp, $s0, 24 pc10080
$zero = deadbeef
$ra = 0
$sp = ffffffe0
$gp = 0
$tp = 0
$t0 = 0
$t1 = 0
$t2 = 0
$s0 = 0
$s1 = 0
$a0 = 0
$a1 = 0
$a2 = 0
$a3 = 0
$a4 = 0
$a5 = 0
$a6 = 0
$a7 = 0
$s2 = 0
$s3 = 0
$s4 = 0
$s5 = 0
$s6 = 0
$s7 = 0
$s8 = 0
$s9 = 0
$s10 = 0
$s11 = 0
$t3 = 0
$t4 = 0
$t5 = 0
$t6 = 0
addi $sp, $s0, 32 pc10084
$zero = deadbeef
$ra = 0
$sp = ffffffe0
$gp = 0
$tp = 0
$t0 = 0
$t1 = 0
$t2 = 0
$s0 = 0
$s1 = 0
$a0 = 0
$a1 = 0
$a2 = 0
$a3 = 0
$a4 = 0
$a5 = 0
$a6 = 0
$a7 = 0
$s2 = 0
$s3 = 0
$s4 = 0
$s5 = 0
$s6 = 0
$s7 = 0
$s8 = 0
$s9 = 0
$s10 = 0
$s11 = 0
$t3 = 0
$t4 = 0
$t5 = 0
$t6 = 0
lui $a5, 1425408 pc10088
$zero = deadbeef
$ra = 0
$sp = ffffffe0
$gp = 0
$tp = 0
$t0 = 0
$t1 = 0
$t2 = 0
$s0 = 0
$s1 = 0
$a0 = 0
$a1 = 0
$a2 = 0
$a3 = 0
$a4 = 0
$a5 = 15c000
$a6 = 0
$a7 = 0
$s2 = 0
$s3 = 0
$s4 = 0
$s5 = 0
$s6 = 0
$s7 = 0
$s8 = 0
$s9 = 0
$s10 = 0
$s11 = 0
$t3 = 0
$t4 = 0
$t5 = 0
$t6 = 0
addi $a5, $a5, -1084 pc1008c
$zero = deadbeef
$ra = 0
$sp = ffffffe0
$gp = 0
$tp = 0
$t0 = 0
$t1 = 0
$t2 = 0
$s0 = 0
$s1 = 0
$a0 = 0
$a1 = 0
$a2 = 0
$a3 = 0
$a4 = 0
$a5 = 15bbc4
$a6 = 0
$a7 = 0
$s2 = 0
$s3 = 0
$s4 = 0
$s5 = 0
$s6 = 0
$s7 = 0
$s8 = 0
$s9 = 0
$s10 = 0
$s11 = 0
$t3 = 0
$t4 = 0
$t5 = 0
$t6 = 0
sw $s0, $a5, -20 pc10090
$zero = deadbeef
$ra = 0
$sp = ffffffe0
$gp = 0
$tp = 0
$t0 = 0
$t1 = 0
$t2 = 0
$s0 = 0
$s1 = 0
$a0 = 0
$a1 = 0
$a2 = 0
$a3 = 0
$a4 = 0
$a5 = 15bbc4
$a6 = 0
$a7 = 0
$s2 = 0
$s3 = 0
$s4 = 0
$s5 = 0
$s6 = 0
$s7 = 0
$s8 = 0
$s9 = 0
$s10 = 0
$s11 = 0
$t3 = 0
$t4 = 0
$t5 = 0
$t6 = 0
lui $a5, 208896 pc10094
$zero = deadbeef
$ra = 0
$sp = ffffffe0
$gp = 0
$tp = 0
$t0 = 0
$t1 = 0
$t2 = 0
$s0 = 0
$s1 = 0
$a0 = 0
$a1 = 0
$a2 = 0
$a3 = 0
$a4 = 0
$a5 = 33000
$a6 = 0
$a7 = 0
$s2 = 0
$s3 = 0
$s4 = 0
$s5 = 0
$s6 = 0
$s7 = 0
$s8 = 0
$s9 = 0
$s10 = 0
$s11 = 0
$t3 = 0
$t4 = 0
$t5 = 0
$t6 = 0
addi $a5, $a5, 629 pc10098
$zero = deadbeef
$ra = 0
$sp = ffffffe0
$gp = 0
$tp = 0
$t0 = 0
$t1 = 0
$t2 = 0
$s0 = 0
$s1 = 0
$a0 = 0
$a1 = 0
$a2 = 0
$a3 = 0
$a4 = 0
$a5 = 33275
$a6 = 0
$a7 = 0
$s2 = 0
$s3 = 0
$s4 = 0
$s5 = 0
$s6 = 0
$s7 = 0
$s8 = 0
$s9 = 0
$s10 = 0
$s11 = 0
$t3 = 0
$t4 = 0
$t5 = 0
$t6 = 0
sw $s0, $a5, -24 pc1009c
$zero = deadbeef
$ra = 0
$sp = ffffffe0
$gp = 0
$tp = 0
$t0 = 0
$t1 = 0
$t2 = 0
$s0 = 0
$s1 = 0
$a0 = 0
$a1 = 0
$a2 = 0
$a3 = 0
$a4 = 0
$a5 = 33275
$a6 = 0
$a7 = 0
$s2 = 0
$s3 = 0
$s4 = 0
$s5 = 0
$s6 = 0
$s7 = 0
$s8 = 0
$s9 = 0
$s10 = 0
$s11 = 0
$t3 = 0
$t4 = 0
$t5 = 0
$t6 = 0
lw $s0, $a1, -24 pc100a0
$zero = deadbeef
$ra = 0
$sp = ffffffe0
$gp = 0
$tp = 0
$t0 = 0
$t1 = 0
$t2 = 0
$s0 = 0
$s1 = 0
$a0 = 0
$a1 = deadbeef
$a2 = 0
$a3 = 0
$a4 = 0
$a5 = 33275
$a6 = 0
$a7 = 0
$s2 = 0
$s3 = 0
$s4 = 0
$s5 = 0
$s6 = 0
$s7 = 0
$s8 = 0
$s9 = 0
$s10 = 0
$s11 = 0
$t3 = 0
$t4 = 0
$t5 = 0
$t6 = 0
lw $s0, $a0, -20 pc100a4
$zero = deadbeef
$ra = 0
$sp = ffffffe0
$gp = 0
$tp = 0
$t0 = 0
$t1 = 0
$t2 = 0
$s0 = 0
$s1 = 0
$a0 = deadbeef
$a1 = deadbeef
$a2 = 0
$a3 = 0
$a4 = 0
$a5 = 33275
$a6 = 0
$a7 = 0
$s2 = 0
$s3 = 0
$s4 = 0
$s5 = 0
$s6 = 0
$s7 = 0
$s8 = 0
$s9 = 0
$s10 = 0
$s11 = 0
$t3 = 0
$t4 = 0
$t5 = 0
$t6 = 0
jal $ra, 56 pc100dc
$zero = deadbeef
$ra = 100a8
$sp = ffffffe0
$gp = 0
$tp = 0
$t0 = 0
$t1 = 0
$t2 = 0
$s0 = 0
$s1 = 0
$a0 = deadbeef
$a1 = deadbeef
$a2 = 0
$a3 = 0
$a4 = 0
$a5 = 33275
$a6 = 0
$a7 = 0
$s2 = 0
$s3 = 0
$s4 = 0
$s5 = 0
$s6 = 0
$s7 = 0
$s8 = 0
$s9 = 0
$s10 = 0
$s11 = 0
$t3 = 0
$t4 = 0
$t5 = 0
$t6 = 0
addi $sp, $sp, -48 pc100e0
$zero = deadbeef
$ra = 100a8
$sp = ffffffb0
$gp = 0
$tp = 0
$t0 = 0
$t1 = 0
$t2 = 0
$s0 = 0
$s1 = 0
$a0 = deadbeef
$a1 = deadbeef
$a2 = 0
$a3 = 0
$a4 = 0
$a5 = 33275
$a6 = 0
$a7 = 0
$s2 = 0
$s3 = 0
$s4 = 0
$s5 = 0
$s6 = 0
$s7 = 0
$s8 = 0
$s9 = 0
$s10 = 0
$s11 = 0
$t3 = 0
$t4 = 0
$t5 = 0
$t6 = 0
sw $sp, $s0, 44 pc100e4
$zero = deadbeef
$ra = 100a8
$sp = ffffffb0
$gp = 0
$tp = 0
$t0 = 0
$t1 = 0
$t2 = 0
$s0 = 0
$s1 = 0
$a0 = deadbeef
$a1 = deadbeef
$a2 = 0
$a3 = 0
$a4 = 0
$a5 = 33275
$a6 = 0
$a7 = 0
$s2 = 0
$s3 = 0
$s4 = 0
$s5 = 0
$s6 = 0
$s7 = 0
$s8 = 0
$s9 = 0
$s10 = 0
$s11 = 0
$t3 = 0
$t4 = 0
$t5 = 0
$t6 = 0
addi $sp, $s0, 48 pc100e8
$zero = deadbeef
$ra = 100a8
$sp = ffffffb0
$gp = 0
$tp = 0
$t0 = 0
$t1 = 0
$t2 = 0
$s0 = ffffffe0
$s1 = 0
$a0 = deadbeef
$a1 = deadbeef
$a2 = 0
$a3 = 0
$a4 = 0
$a5 = 33275
$a6 = 0
$a7 = 0
$s2 = 0
$s3 = 0
$s4 = 0
$s5 = 0
$s6 = 0
$s7 = 0
$s8 = 0
$s9 = 0
$s10 = 0
$s11 = 0
$t3 = 0
$t4 = 0
$t5 = 0
$t6 = 0
sw $s0, $a0, -36 pc100ec
$zero = deadbeef
$ra = 100a8
$sp = ffffffb0
$gp = 0
$tp = 0
$t0 = 0
$t1 = 0
$t2 = 0
$s0 = ffffffe0
$s1 = 0
$a0 = deadbeef
$a1 = deadbeef
$a2 = 0
$a3 = 0
$a4 = 0
$a5 = 33275
$a6 = 0
$a7 = 0
$s2 = 0
$s3 = 0
$s4 = 0
$s5 = 0
$s6 = 0
$s7 = 0
$s8 = 0
$s9 = 0
$s10 = 0
$s11 = 0
$t3 = 0
$t4 = 0
$t5 = 0
$t6 = 0
sw $s0, $a1, -40 pc100f0
$zero = deadbeef
$ra = 100a8
$sp = ffffffb0
$gp = 0
$tp = 0
$t0 = 0
$t1 = 0
$t2 = 0
$s0 = ffffffe0
$s1 = 0
$a0 = deadbeef
$a1 = deadbeef
$a2 = 0
$a3 = 0
$a4 = 0
$a5 = 33275
$a6 = 0
$a7 = 0
$s2 = 0
$s3 = 0
$s4 = 0
$s5 = 0
$s6 = 0
$s7 = 0
$s8 = 0
$s9 = 0
$s10 = 0
$s11 = 0
$t3 = 0
$t4 = 0
$t5 = 0
$t6 = 0
lw $s0, $a4, -36 pc100f4
$zero = deadbeef
$ra = 100a8
$sp = ffffffb0
$gp = 0
$tp = 0
$t0 = 0
$t1 = 0
$t2 = 0
$s0 = ffffffe0
$s1 = 0
$a0 = deadbeef
$a1 = deadbeef
$a2 = 0
$a3 = 0
$a4 = deadbeef
$a5 = 33275
$a6 = 0
$a7 = 0
$s2 = 0
$s3 = 0
$s4 = 0
$s5 = 0
$s6 = 0
$s7 = 0
$s8 = 0
$s9 = 0
$s10 = 0
$s11 = 0
$t3 = 0
$t4 = 0
$t5 = 0
$t6 = 0
lw $s0, $a5, -40 pc100f8
$zero = deadbeef
$ra = 100a8
$sp = ffffffb0
$gp = 0
$tp = 0
$t0 = 0
$t1 = 0
$t2 = 0
$s0 = ffffffe0
$s1 = 0
$a0 = deadbeef
$a1 = deadbeef
$a2 = 0
$a3 = 0
$a4 = deadbeef
$a5 = deadbeef
$a6 = 0
$a7 = 0
$s2 = 0
$s3 = 0
$s4 = 0
$s5 = 0
$s6 = 0
$s7 = 0
$s8 = 0
$s9 = 0
$s10 = 0
$s11 = 0
$t3 = 0
$t4 = 0
$t5 = 0
$t6 = 0
xor $a4, $a5, $a5 pc100fc
$zero = deadbeef
$ra = 100a8
$sp = ffffffb0
$gp = 0
$tp = 0
$t0 = 0
$t1 = 0
$t2 = 0
$s0 = ffffffe0
$s1 = 0
$a0 = deadbeef
$a1 = deadbeef
$a2 = 0
$a3 = 0
$a4 = deadbeef
$a5 = 0
$a6 = 0
$a7 = 0
$s2 = 0
$s3 = 0
$s4 = 0
$s5 = 0
$s6 = 0
$s7 = 0
$s8 = 0
$s9 = 0
$s10 = 0
$s11 = 0
$t3 = 0
$t4 = 0
$t5 = 0
$t6 = 0
sw $s0, $a5, -20 pc10100
$zero = deadbeef
$ra = 100a8
$sp = ffffffb0
$gp = 0
$tp = 0
$t0 = 0
$t1 = 0
$t2 = 0
$s0 = ffffffe0
$s1 = 0
$a0 = deadbeef
$a1 = deadbeef
$a2 = 0
$a3 = 0
$a4 = deadbeef
$a5 = 0
$a6 = 0
$a7 = 0
$s2 = 0
$s3 = 0
$s4 = 0
$s5 = 0
$s6 = 0
$s7 = 0
$s8 = 0
$s9 = 0
$s10 = 0
$s11 = 0
$t3 = 0
$t4 = 0
$t5 = 0
$t6 = 0
lw $s0, $a5, -20 pc10104
$zero = deadbeef
$ra = 100a8
$sp = ffffffb0
$gp = 0
$tp = 0
$t0 = 0
$t1 = 0
$t2 = 0
$s0 = ffffffe0
$s1 = 0
$a0 = deadbeef
$a1 = deadbeef
$a2 = 0
$a3 = 0
$a4 = deadbeef
$a5 = deadbeef
$a6 = 0
$a7 = 0
$s2 = 0
$s3 = 0
$s4 = 0
$s5 = 0
$s6 = 0
$s7 = 0
$s8 = 0
$s9 = 0
$s10 = 0
$s11 = 0
$t3 = 0
$t4 = 0
$t5 = 0
$t6 = 0
slli $a5, $a5, 2 pc10108
$zero = deadbeef
$ra = 100a8
$sp = ffffffb0
$gp = 0
$tp = 0
$t0 = 0
$t1 = 0
$t2 = 0
$s0 = ffffffe0
$s1 = 0
$a0 = deadbeef
$a1 = deadbeef
$a2 = 0
$a3 = 0
$a4 = deadbeef
$a5 = 7ab6fbbc
$a6 = 0
$a7 = 0
$s2 = 0
$s3 = 0
$s4 = 0
$s5 = 0
$s6 = 0
$s7 = 0
$s8 = 0
$s9 = 0
$s10 = 0
$s11 = 0
$t3 = 0
$t4 = 0
$t5 = 0
$t6 = 0
sw $s0, $a5, -20 pc1010c
$zero = deadbeef
$ra = 100a8
$sp = ffffffb0
$gp = 0
$tp = 0
$t0 = 0
$t1 = 0
$t2 = 0
$s0 = ffffffe0
$s1 = 0
$a0 = deadbeef
$a1 = deadbeef
$a2 = 0
$a3 = 0
$a4 = deadbeef
$a5 = 7ab6fbbc
$a6 = 0
$a7 = 0
$s2 = 0
$s3 = 0
$s4 = 0
$s5 = 0
$s6 = 0
$s7 = 0
$s8 = 0
$s9 = 0
$s10 = 0
$s11 = 0
$t3 = 0
$t4 = 0
$t5 = 0
$t6 = 0
lw $s0, $a5, -20 pc10110
$zero = deadbeef
$ra = 100a8
$sp = ffffffb0
$gp = 0
$tp = 0
$t0 = 0
$t1 = 0
$t2 = 0
$s0 = ffffffe0
$s1 = 0
$a0 = deadbeef
$a1 = deadbeef
$a2 = 0
$a3 = 0
$a4 = deadbeef
$a5 = deadbeef
$a6 = 0
$a7 = 0
$s2 = 0
$s3 = 0
$s4 = 0
$s5 = 0
$s6 = 0
$s7 = 0
$s8 = 0
$s9 = 0
$s10 = 0
$s11 = 0
$t3 = 0
$t4 = 0
$t5 = 0
$t6 = 0
addi $a5, $a0, 0 pc10114
$zero = deadbeef
$ra = 100a8
$sp = ffffffb0
$gp = 0
$tp = 0
$t0 = 0
$t1 = 0
$t2 = 0
$s0 = ffffffe0
$s1 = 0
$a0 = deadbeef
$a1 = deadbeef
$a2 = 0
$a3 = 0
$a4 = deadbeef
$a5 = deadbeef
$a6 = 0
$a7 = 0
$s2 = 0
$s3 = 0
$s4 = 0
$s5 = 0
$s6 = 0
$s7 = 0
$s8 = 0
$s9 = 0
$s10 = 0
$s11 = 0
$t3 = 0
$t4 = 0
$t5 = 0
$t6 = 0
lw $sp, $s0, 44 pc10118
$zero = deadbeef
$ra = 100a8
$sp = ffffffb0
$gp = 0
$tp = 0
$t0 = 0
$t1 = 0
$t2 = 0
$s0 = deadbeef
$s1 = 0
$a0 = deadbeef
$a1 = deadbeef
$a2 = 0
$a3 = 0
$a4 = deadbeef
$a5 = deadbeef
$a6 = 0
$a7 = 0
$s2 = 0
$s3 = 0
$s4 = 0
$s5 = 0
$s6 = 0
$s7 = 0
$s8 = 0
$s9 = 0
$s10 = 0
$s11 = 0
$t3 = 0
$t4 = 0
$t5 = 0
$t6 = 0
addi $sp, $sp, 48 pc1011c
$zero = deadbeef
$ra = 100a8
$sp = ffffffe0
$gp = 0
$tp = 0
$t0 = 0
$t1 = 0
$t2 = 0
$s0 = deadbeef
$s1 = 0
$a0 = deadbeef
$a1 = deadbeef
$a2 = 0
$a3 = 0
$a4 = deadbeef
$a5 = deadbeef
$a6 = 0
$a7 = 0
$s2 = 0
$s3 = 0
$s4 = 0
$s5 = 0
$s6 = 0
$s7 = 0
$s8 = 0
$s9 = 0
$s10 = 0
$s11 = 0
$t3 = 0
$t4 = 0
$t5 = 0
$t6 = 0
jalr $ra, $zero, 0 pc100a8
$zero = 10120
$ra = 100a8
$sp = ffffffe0
$gp = 0
$tp = 0
$t0 = 0
$t1 = 0
$t2 = 0
$s0 = deadbeef
$s1 = 0
$a0 = deadbeef
$a1 = deadbeef
$a2 = 0
$a3 = 0
$a4 = deadbeef
$a5 = deadbeef
$a6 = 0
$a7 = 0
$s2 = 0
$s3 = 0
$s4 = 0
$s5 = 0
$s6 = 0
$s7 = 0
$s8 = 0
$s9 = 0
$s10 = 0
$s11 = 0
$t3 = 0
$t4 = 0
$t5 = 0
$t6 = 0
